<?xml version="1.0" encoding="UTF-8"?>
<!-- Generated by org.testng.reporters.JUnitReportReporter -->
<testsuite hostname="DESKTOP-M0FLE7G" failures="0" tests="1" name="com.testcases.TC006_AddToCartTest" time="17.956" errors="0" timestamp="2024-09-10T00:32:31 IST" skipped="0">
  <testcase classname="com.testcases.TC006_AddToCartTest" name="add_to_cart_Products" time="17.956"/>
</testsuite> <!-- com.testcases.TC006_AddToCartTest -->
