<?xml version="1.0" encoding="UTF-8"?>
<!-- Generated by org.testng.reporters.JUnitReportReporter -->
<testsuite hostname="DESKTOP-M0FLE7G" failures="0" tests="1" name="com.testcases.TC003_CheckTabletItemsTest" time="2.651" errors="0" timestamp="2024-09-01T14:42:01 IST" skipped="0">
  <testcase classname="com.testcases.TC003_CheckTabletItemsTest" name="check_Tablet_Items" time="2.651"/>
</testsuite> <!-- com.testcases.TC003_CheckTabletItemsTest -->
