<?xml version="1.0" encoding="UTF-8"?>
<!-- Generated by org.testng.reporters.JUnitReportReporter -->
<testsuite hostname="DESKTOP-M0FLE7G" failures="0" tests="1" name="com.testcases.TC004_SearchProductTest" time="7.471" errors="0" timestamp="2024-09-04T14:51:35 IST" skipped="0">
  <testcase classname="com.testcases.TC004_SearchProductTest" name="search_Item" time="7.471"/>
</testsuite> <!-- com.testcases.TC004_SearchProductTest -->
