<?xml version="1.0" encoding="UTF-8"?>
<!-- Generated by org.testng.reporters.JUnitReportReporter -->
<testsuite hostname="DESKTOP-M0FLE7G" failures="0" tests="1" name="com.testcases.TC003_SelectProductTest" time="2.324" errors="0" timestamp="2024-09-04T14:48:49 IST" skipped="0">
  <testcase classname="com.testcases.TC003_SelectProductTest" name="check_Tablet_Items" time="2.324"/>
</testsuite> <!-- com.testcases.TC003_SelectProductTest -->
