<?xml version="1.0" encoding="UTF-8"?>
<!-- Generated by org.testng.reporters.JUnitReportReporter -->
<testsuite hostname="DESKTOP-M0FLE7G" failures="0" tests="1" name="com.testcases.TC005_DropDownProductTest" time="8.114" errors="0" timestamp="2024-09-09T12:52:02 IST" skipped="0">
  <testcase classname="com.testcases.TC005_DropDownProductTest" name="dropdown_Items" time="8.114"/>
</testsuite> <!-- com.testcases.TC005_DropDownProductTest -->
