<?xml version="1.0" encoding="UTF-8"?>
<!-- Generated by org.testng.reporters.JUnitReportReporter -->
<testsuite hostname="DESKTOP-M0FLE7G" failures="0" tests="1" name="com.testcases.TC004_SearchItemTest" time="2.377" errors="0" timestamp="2024-09-01T13:16:09 IST" skipped="0">
  <testcase classname="com.testcases.TC004_SearchItemTest" name="search_Item" time="2.377"/>
</testsuite> <!-- com.testcases.TC004_SearchItemTest -->
