<?xml version="1.0" encoding="UTF-8"?>
<!-- Generated by org.testng.reporters.JUnitReportReporter -->
<testsuite hostname="DESKTOP-M0FLE7G" failures="0" tests="1" name="com.testcases.TC001_AccountRegistrationTest" time="2.930" errors="0" timestamp="2024-08-27T13:23:02 IST" skipped="0">
  <testcase classname="com.testcases.TC001_AccountRegistrationTest" name="verify_account_Registration" time="2.930"/>
</testsuite> <!-- com.testcases.TC001_AccountRegistrationTest -->
