<?xml version="1.0" encoding="UTF-8"?>
<!-- Generated by org.testng.reporters.JUnitReportReporter -->
<testsuite hostname="DESKTOP-M0FLE7G" failures="0" tests="1" name="com.testcases.TC002_AccountLoginTest" time="1.827" errors="0" timestamp="2024-08-27T13:23:02 IST" skipped="0">
  <testcase classname="com.testcases.TC002_AccountLoginTest" name="varify_account_Login" time="1.827"/>
</testsuite> <!-- com.testcases.TC002_AccountLoginTest -->
