<?xml version="1.0" encoding="UTF-8"?>
<!-- Generated by org.testng.reporters.JUnitReportReporter -->
<testsuite hostname="DESKTOP-M0FLE7G" failures="0" tests="1" name="com.testcases.TC007_EndToEndTest" time="40.112" errors="0" timestamp="2024-09-12T14:02:41 IST" skipped="0">
  <testcase classname="com.testcases.TC007_EndToEndTest" name="end_to_end_Test" time="40.112"/>
</testsuite> <!-- com.testcases.TC007_EndToEndTest -->
