<?xml version="1.0" encoding="UTF-8"?>
<!-- Generated by org.testng.reporters.JUnitReportReporter -->
<testsuite hostname="DESKTOP-M0FLE7G" failures="0" tests="1" name="com.testcases.TC007_EndToEndTest" time="42.584" errors="0" timestamp="2024-09-11T19:52:03 IST" skipped="0">
  <testcase classname="com.testcases.TC007_EndToEndTest" name="end_to_end_Test" time="42.584"/>
</testsuite> <!-- com.testcases.TC007_EndToEndTest -->
