<?xml version="1.0" encoding="UTF-8"?>
<!-- Generated by org.testng.reporters.JUnitReportReporter -->
<testsuite hostname="DESKTOP-M0FLE7G" failures="0" tests="1" name="com.testcases.TC003_CheckTabletItemsTest" time="2.136" errors="0" timestamp="2024-08-27T13:23:02 IST" skipped="0">
  <testcase classname="com.testcases.TC003_CheckTabletItemsTest" name="check_Tablet_Items" time="2.136"/>
</testsuite> <!-- com.testcases.TC003_CheckTabletItemsTest -->
