<?xml version="1.0" encoding="UTF-8"?>
<!-- Generated by org.testng.reporters.JUnitReportReporter -->
<testsuite hostname="DESKTOP-M0FLE7G" failures="0" tests="1" name="com.testcases.TC007_EndToEndTest" time="49.741" errors="0" timestamp="2024-09-19T12:42:28 IST" skipped="0">
  <testcase classname="com.testcases.TC007_EndToEndTest" name="end_to_end_Test" time="49.741"/>
</testsuite> <!-- com.testcases.TC007_EndToEndTest -->
